<?xml version="1.0" encoding="UTF-8"?>
<!-- Generated by org.testng.reporters.JUnitReportReporter -->
<testsuite skipped="0" hostname="SHREEG-PC" name="WeatherMapAPI.WeatherMapAPIRequests" tests="5" failures="0" timestamp="2020-08-05T13:49:15 IST" time="17.130" errors="0">
  <testcase name="postStation" time="2.654" classname="WeatherMapAPI.WeatherMapAPIRequests"/>
  <system-out/>
  <testcase name="getWeatherWithOutRegister" time="11.253" classname="WeatherMapAPI.WeatherMapAPIRequests"/>
  <system-out/>
  <testcase name="getStations" time="0.662" classname="WeatherMapAPI.WeatherMapAPIRequests"/>
  <system-out/>
  <testcase name="deleteStations" time="1.282" classname="WeatherMapAPI.WeatherMapAPIRequests"/>
  <system-out/>
  <testcase name="TryRedeleteStations" time="1.279" classname="WeatherMapAPI.WeatherMapAPIRequests"/>
  <system-out/>
</testsuite> <!-- WeatherMapAPI.WeatherMapAPIRequests -->
